<?xml version="1.0" encoding="UTF-8"?>
<!-- Generated by org.testng.reporters.JUnitReportReporter -->
<testsuite hostname="Balaji" failures="0" tests="1" name="com.selenium.webelement.ReddifSignInTest" time="26.460" errors="0" timestamp="2021-05-11T11:11:25 IST" skipped="0">
  <testcase classname="com.selenium.webelement.ReddifSignInTest" name="testReddifSignIn" time="26.460"/>
  <system-out/>
</testsuite> <!-- com.selenium.webelement.ReddifSignInTest -->
