<?xml version="1.0" encoding="UTF-8"?>
<!-- Generated by org.testng.reporters.JUnitReportReporter -->
<testsuite hostname="Balaji" failures="0" tests="1" name="com.selenium.webelement.xpathdemo" time="21.206" errors="0" timestamp="2021-05-11T18:39:26 IST" skipped="0">
  <testcase classname="com.selenium.webelement.xpathdemo" name="demo" time="21.206"/>
  <system-out/>
</testsuite> <!-- com.selenium.webelement.xpathdemo -->
