<?xml version="1.0" encoding="UTF-8"?>
<!-- Generated by org.testng.reporters.JUnitReportReporter -->
<testsuite hostname="Balaji" failures="0" tests="1" name="com.selenium.basic.InvokeBrowserDynamically" time="66.994" errors="0" timestamp="2021-05-10T17:52:48 IST" skipped="0">
  <testcase classname="com.selenium.basic.InvokeBrowserDynamically" name="verifyFaceBookHomePage" time="66.994"/>
  <system-out/>
</testsuite> <!-- com.selenium.basic.InvokeBrowserDynamically -->
