<?xml version="1.0" encoding="UTF-8"?>
<!-- Generated by org.testng.reporters.JUnitReportReporter -->
<testsuite hostname="Balaji" failures="0" tests="1" name="com.selenium.basic.invokeotherbrowsers" time="29.935" errors="0" timestamp="2021-05-10T16:39:27 IST" skipped="0">
  <testcase classname="com.selenium.basic.invokeotherbrowsers" name="verifyFaceBookHomePage" time="29.935"/>
  <system-out/>
</testsuite> <!-- com.selenium.basic.invokeotherbrowsers -->
