<?xml version="1.0" encoding="UTF-8"?>
<!-- Generated by org.testng.reporters.JUnitReportReporter -->
<testsuite hostname="Balaji" failures="0" tests="1" name="guru99project.Project_Kickoff" time="39.376" errors="0" timestamp="2021-05-14T12:57:21 IST" skipped="0">
  <testcase classname="guru99project.Project_Kickoff" name="logintest" time="39.376"/>
  <system-out/>
</testsuite> <!-- guru99project.Project_Kickoff -->
