<?xml version="1.0" encoding="UTF-8"?>
<!-- Generated by org.testng.reporters.JUnitReportReporter -->
<testsuite hostname="Balaji" failures="0" tests="2" name="com.demotest.TestCases" time="13.997" errors="0" timestamp="2021-05-27T11:46:21 IST" skipped="0">
  <testcase classname="com.demotest.TestCases" name="test2" time="7.312"/>
  <system-out/>
  <testcase classname="com.demotest.TestCases" name="test1" time="6.685"/>
  <system-out/>
</testsuite> <!-- com.demotest.TestCases -->
