<?xml version="1.0" encoding="UTF-8"?>
<!-- Generated by org.testng.reporters.JUnitReportReporter -->
<testsuite hostname="Balaji" failures="0" tests="1" name="com.selenium.webelement.XpathClass" time="78.042" errors="0" timestamp="2021-05-11T18:17:33 IST" skipped="0">
  <testcase classname="com.selenium.webelement.XpathClass" name="testReddifSignIn" time="78.042"/>
  <system-out/>
</testsuite> <!-- com.selenium.webelement.XpathClass -->
